<?xml version="1.0" encoding="UTF-8"?>
<testsuite name="org.example.CourseTest" tests="1" skipped="0" failures="0" errors="0" timestamp="2023-01-06T06:41:37" hostname="DESKTOP-8O3V5SJ" time="0.054">
  <properties/>
  <testcase name="怨쇰ぉ(肄붿뒪)瑜� �깮�꽦�븳�떎." classname="org.example.CourseTest" time="0.054"/>
  <system-out><![CDATA[]]></system-out>
  <system-err><![CDATA[]]></system-err>
</testsuite>
